[ pid=8285 thr=139879294539520 file=ext/nginx/HelperAgent.cpp:921 time=2011-08-16 10:59:17.697 ]: Couldn't forward the HTTP response back to the HTTP client: It seems the user clicked on the 'Stop' button in his browser.
[ pid=8285 thr=139879261751040 file=ext/nginx/HelperAgent.cpp:921 time=2011-08-16 10:59:17.890 ]: Couldn't forward the HTTP response back to the HTTP client: It seems the user clicked on the 'Stop' button in his browser.
[ pid=8285 thr=139879293736704 file=ext/nginx/HelperAgent.cpp:921 time=2011-08-16 10:59:18.7 ]: Couldn't forward the HTTP response back to the HTTP client: It seems the user clicked on the 'Stop' button in his browser.
[ pid=8285 thr=139879262353152 file=ext/nginx/HelperAgent.cpp:921 time=2011-08-16 10:59:18.37 ]: Couldn't forward the HTTP response back to the HTTP client: It seems the user clicked on the 'Stop' button in his browser.
[ pid=8285 thr=139879295141632 file=ext/nginx/HelperAgent.cpp:921 time=2011-08-16 10:59:19.947 ]: Couldn't forward the HTTP response back to the HTTP client: It seems the user clicked on the 'Stop' button in his browser.
[ pid=8285 thr=139879261951744 file=ext/nginx/HelperAgent.cpp:921 time=2011-08-16 10:59:19.976 ]: Couldn't forward the HTTP response back to the HTTP client: It seems the user clicked on the 'Stop' button in his browser.
[ pid=8285 thr=139879262353152 file=ext/nginx/HelperAgent.cpp:921 time=2011-08-16 10:59:20.490 ]: Couldn't forward the HTTP response back to the HTTP client: It seems the user clicked on the 'Stop' button in his browser.
[ pid=8285 thr=139879260346112 file=ext/nginx/HelperAgent.cpp:921 time=2011-08-16 11:12:59.363 ]: Couldn't forward the HTTP response back to the HTTP client: It seems the user clicked on the 'Stop' button in his browser.
[ pid=8285 thr=139879259543296 file=ext/nginx/HelperAgent.cpp:921 time=2011-08-16 11:12:59.692 ]: Couldn't forward the HTTP response back to the HTTP client: It seems the user clicked on the 'Stop' button in his browser.
[ pid=8285 thr=139879294740224 file=ext/nginx/HelperAgent.cpp:921 time=2011-08-16 11:13:00.8 ]: Couldn't forward the HTTP response back to the HTTP client: It seems the user clicked on the 'Stop' button in his browser.
[ pid=8285 thr=139879294338816 file=ext/nginx/HelperAgent.cpp:921 time=2011-08-16 11:17:15.875 ]: Couldn't forward the HTTP response back to the HTTP client: It seems the user clicked on the 'Stop' button in his browser.
[ pid=8285 thr=139879260346112 file=ext/nginx/HelperAgent.cpp:921 time=2011-08-16 11:17:15.897 ]: Couldn't forward the HTTP response back to the HTTP client: It seems the user clicked on the 'Stop' button in his browser.
[ pid=8285 thr=139879259944704 file=ext/nginx/HelperAgent.cpp:921 time=2011-08-16 11:17:15.985 ]: Couldn't forward the HTTP response back to the HTTP client: It seems the user clicked on the 'Stop' button in his browser.
[ pid=8285 thr=139879259543296 file=ext/nginx/HelperAgent.cpp:921 time=2011-08-16 11:17:16.86 ]: Couldn't forward the HTTP response back to the HTTP client: It seems the user clicked on the 'Stop' button in his browser.
[ pid=8285 thr=139879260145408 file=ext/nginx/HelperAgent.cpp:921 time=2011-08-16 11:17:35.877 ]: Couldn't forward the HTTP response back to the HTTP client: It seems the user clicked on the 'Stop' button in his browser.
[ pid=8285 thr=139879295342336 file=ext/nginx/HelperAgent.cpp:921 time=2011-08-16 11:17:36.264 ]: Couldn't forward the HTTP response back to the HTTP client: It seems the user clicked on the 'Stop' button in his browser.
[ pid=8285 thr=139879294740224 file=ext/nginx/HelperAgent.cpp:921 time=2011-08-16 11:24:28.976 ]: Couldn't forward the HTTP response back to the HTTP client: It seems the user clicked on the 'Stop' button in his browser.
[ pid=8285 thr=139879261550336 file=ext/nginx/HelperAgent.cpp:921 time=2011-08-16 11:24:29.133 ]: Couldn't forward the HTTP response back to the HTTP client: It seems the user clicked on the 'Stop' button in his browser.
[ pid=8285 thr=139879260546816 file=ext/nginx/HelperAgent.cpp:921 time=2011-08-16 11:24:29.583 ]: Couldn't forward the HTTP response back to the HTTP client: It seems the user clicked on the 'Stop' button in his browser.
[ pid=8285 thr=139879262152448 file=ext/nginx/HelperAgent.cpp:921 time=2011-08-16 11:24:29.633 ]: Couldn't forward the HTTP response back to the HTTP client: It seems the user clicked on the 'Stop' button in his browser.
[ pid=8285 thr=139879259744000 file=ext/nginx/HelperAgent.cpp:921 time=2011-08-16 11:25:35.219 ]: Couldn't forward the HTTP response back to the HTTP client: It seems the user clicked on the 'Stop' button in his browser.
[ pid=8285 thr=139879262353152 file=ext/nginx/HelperAgent.cpp:921 time=2011-08-16 11:25:35.706 ]: Couldn't forward the HTTP response back to the HTTP client: It seems the user clicked on the 'Stop' button in his browser.
[ pid=8285 thr=139879259543296 file=ext/nginx/HelperAgent.cpp:921 time=2011-08-16 11:26:11.788 ]: Couldn't forward the HTTP response back to the HTTP client: It seems the user clicked on the 'Stop' button in his browser.
[ pid=8285 thr=139879294338816 file=ext/nginx/HelperAgent.cpp:921 time=2011-08-16 11:27:33.96 ]: Couldn't forward the HTTP response back to the HTTP client: It seems the user clicked on the 'Stop' button in his browser.
[ pid=8285 thr=139879294338816 file=ext/nginx/HelperAgent.cpp:921 time=2011-08-16 11:27:33.303 ]: Couldn't forward the HTTP response back to the HTTP client: It seems the user clicked on the 'Stop' button in his browser.
[ pid=8285 thr=139879261751040 file=ext/nginx/HelperAgent.cpp:921 time=2011-08-16 11:27:33.429 ]: Couldn't forward the HTTP response back to the HTTP client: It seems the user clicked on the 'Stop' button in his browser.
[ pid=8285 thr=139879294138112 file=ext/nginx/HelperAgent.cpp:921 time=2011-08-16 11:27:33.437 ]: Couldn't forward the HTTP response back to the HTTP client: It seems the user clicked on the 'Stop' button in his browser.
[ pid=8285 thr=139879295342336 file=ext/nginx/HelperAgent.cpp:921 time=2011-08-16 11:27:33.494 ]: Couldn't forward the HTTP response back to the HTTP client: It seems the user clicked on the 'Stop' button in his browser.
[ pid=8285 thr=139879260346112 file=ext/nginx/HelperAgent.cpp:921 time=2011-08-16 11:27:33.532 ]: Couldn't forward the HTTP response back to the HTTP client: It seems the user clicked on the 'Stop' button in his browser.
[ pid=8285 thr=139879294338816 file=ext/nginx/HelperAgent.cpp:921 time=2011-08-16 11:27:33.891 ]: Couldn't forward the HTTP response back to the HTTP client: It seems the user clicked on the 'Stop' button in his browser.
[ pid=8285 thr=139879261951744 file=ext/nginx/HelperAgent.cpp:921 time=2011-08-16 11:27:33.947 ]: Couldn't forward the HTTP response back to the HTTP client: It seems the user clicked on the 'Stop' button in his browser.
[ pid=8285 thr=139879295141632 file=ext/nginx/HelperAgent.cpp:921 time=2011-08-16 11:27:33.7 ]: Couldn't forward the HTTP response back to the HTTP client: It seems the user clicked on the 'Stop' button in his browser.
[ pid=8285 thr=139879294740224 file=ext/nginx/HelperAgent.cpp:921 time=2011-08-16 11:27:34.92 ]: Couldn't forward the HTTP response back to the HTTP client: It seems the user clicked on the 'Stop' button in his browser.
[ pid=8285 thr=139879293736704 file=ext/nginx/HelperAgent.cpp:921 time=2011-08-16 11:27:34.217 ]: Couldn't forward the HTTP response back to the HTTP client: It seems the user clicked on the 'Stop' button in his browser.
[ pid=8285 thr=139879260948224 file=ext/nginx/HelperAgent.cpp:921 time=2011-08-16 11:27:34.241 ]: Couldn't forward the HTTP response back to the HTTP client: It seems the user clicked on the 'Stop' button in his browser.
[ pid=8285 thr=139879262353152 file=ext/nginx/HelperAgent.cpp:921 time=2011-08-16 11:27:34.267 ]: Couldn't forward the HTTP response back to the HTTP client: It seems the user clicked on the 'Stop' button in his browser.
[ pid=8285 thr=139879261550336 file=ext/nginx/HelperAgent.cpp:921 time=2011-08-16 11:27:34.460 ]: Couldn't forward the HTTP response back to the HTTP client: It seems the user clicked on the 'Stop' button in his browser.
[ pid=8285 thr=139879293937408 file=ext/nginx/HelperAgent.cpp:921 time=2011-08-16 11:27:34.574 ]: Couldn't forward the HTTP response back to the HTTP client: It seems the user clicked on the 'Stop' button in his browser.
[ pid=8285 thr=139879260546816 file=ext/nginx/HelperAgent.cpp:921 time=2011-08-16 11:27:34.595 ]: Couldn't forward the HTTP response back to the HTTP client: It seems the user clicked on the 'Stop' button in his browser.
[ pid=8285 thr=139879261349632 file=ext/nginx/HelperAgent.cpp:921 time=2011-08-16 11:27:34.642 ]: Couldn't forward the HTTP response back to the HTTP client: It seems the user clicked on the 'Stop' button in his browser.
[ pid=8285 thr=139879259543296 file=ext/nginx/HelperAgent.cpp:921 time=2011-08-16 11:27:34.688 ]: Couldn't forward the HTTP response back to the HTTP client: It seems the user clicked on the 'Stop' button in his browser.
[ pid=8285 thr=139879261148928 file=ext/nginx/HelperAgent.cpp:921 time=2011-08-16 11:27:34.812 ]: Couldn't forward the HTTP response back to the HTTP client: It seems the user clicked on the 'Stop' button in his browser.
[ pid=8285 thr=139879259944704 file=ext/nginx/HelperAgent.cpp:921 time=2011-08-16 11:27:34.836 ]: Couldn't forward the HTTP response back to the HTTP client: It seems the user clicked on the 'Stop' button in his browser.
[ pid=8285 thr=139879262152448 file=ext/nginx/HelperAgent.cpp:921 time=2011-08-16 11:27:34.888 ]: Couldn't forward the HTTP response back to the HTTP client: It seems the user clicked on the 'Stop' button in his browser.
[ pid=8285 thr=139879294539520 file=ext/nginx/HelperAgent.cpp:921 time=2011-08-16 11:27:34.947 ]: Couldn't forward the HTTP response back to the HTTP client: It seems the user clicked on the 'Stop' button in his browser.
[ pid=8285 thr=139879260747520 file=ext/nginx/HelperAgent.cpp:921 time=2011-08-16 11:27:34.954 ]: Couldn't forward the HTTP response back to the HTTP client: It seems the user clicked on the 'Stop' button in his browser.
[ pid=8285 thr=139879260145408 file=ext/nginx/HelperAgent.cpp:921 time=2011-08-16 11:27:35.49 ]: Couldn't forward the HTTP response back to the HTTP client: It seems the user clicked on the 'Stop' button in his browser.
[ pid=8285 thr=139879259744000 file=ext/nginx/HelperAgent.cpp:921 time=2011-08-16 11:27:35.113 ]: Couldn't forward the HTTP response back to the HTTP client: It seems the user clicked on the 'Stop' button in his browser.
[ pid=11765 thr=139987856803584 file=ext/nginx/HelperAgent.cpp:921 time=2011-08-16 11:31:15.380 ]: Couldn't forward the HTTP response back to the HTTP client: It seems the user clicked on the 'Stop' button in his browser.
[ pid=11765 thr=139987858007808 file=ext/nginx/HelperAgent.cpp:921 time=2011-08-16 11:33:20.107 ]: Couldn't forward the HTTP response back to the HTTP client: It seems the user clicked on the 'Stop' button in his browser.
[ pid=11765 thr=139987891398400 file=ext/nginx/HelperAgent.cpp:921 time=2011-08-16 11:47:15.630 ]: Couldn't forward the HTTP response back to the HTTP client: It seems the user clicked on the 'Stop' button in his browser.
[ pid=11765 thr=139987855599360 file=ext/nginx/HelperAgent.cpp:921 time=2011-08-16 11:51:56.450 ]: Couldn't forward the HTTP response back to the HTTP client: It seems the user clicked on the 'Stop' button in his browser.
[ pid=11765 thr=139987890394880 file=ext/nginx/HelperAgent.cpp:921 time=2011-08-16 13:19:31.275 ]: Couldn't forward the HTTP response back to the HTTP client: It seems the user clicked on the 'Stop' button in his browser.
[ pid=11765 thr=139987857405696 file=ext/nginx/HelperAgent.cpp:921 time=2011-08-16 13:44:58.488 ]: Couldn't forward the HTTP response back to the HTTP client: It seems the user clicked on the 'Stop' button in his browser.
[ pid=11765 thr=139987856000768 file=ext/nginx/HelperAgent.cpp:921 time=2011-08-16 13:47:32.3 ]: Couldn't forward the HTTP response back to the HTTP client: It seems the user clicked on the 'Stop' button in his browser.
[ pid=11765 thr=139987855599360 file=ext/nginx/HelperAgent.cpp:921 time=2011-08-16 13:47:33.450 ]: Couldn't forward the HTTP response back to the HTTP client: It seems the user clicked on the 'Stop' button in his browser.
[ pid=11765 thr=139987890796288 file=ext/nginx/HelperAgent.cpp:921 time=2011-08-16 13:55:05.176 ]: Couldn't forward the HTTP response back to the HTTP client: It seems the user clicked on the 'Stop' button in his browser.
[ pid=11765 thr=139987890996992 file=ext/nginx/HelperAgent.cpp:921 time=2011-08-16 13:55:05.455 ]: Couldn't forward the HTTP response back to the HTTP client: It seems the user clicked on the 'Stop' button in his browser.
[ pid=11765 thr=139987889993472 file=ext/nginx/HelperAgent.cpp:921 time=2011-08-16 14:02:24.852 ]: Couldn't forward the HTTP response back to the HTTP client: It seems the user clicked on the 'Stop' button in his browser.
[ pid=11765 thr=139987857204992 file=ext/nginx/HelperAgent.cpp:921 time=2011-08-16 14:02:24.974 ]: Couldn't forward the HTTP response back to the HTTP client: It seems the user clicked on the 'Stop' button in his browser.
[ pid=11765 thr=139987890595584 file=ext/nginx/HelperAgent.cpp:921 time=2011-08-16 14:02:24.998 ]: Couldn't forward the HTTP response back to the HTTP client: It seems the user clicked on the 'Stop' button in his browser.
[ pid=11765 thr=139987889792768 file=ext/nginx/HelperAgent.cpp:921 time=2011-08-16 14:03:58.107 ]: Couldn't forward the HTTP response back to the HTTP client: It seems the user clicked on the 'Stop' button in his browser.
[ pid=11765 thr=139987857405696 file=ext/nginx/HelperAgent.cpp:921 time=2011-08-16 14:03:58.116 ]: Couldn't forward the HTTP response back to the HTTP client: It seems the user clicked on the 'Stop' button in his browser.
[ pid=11765 thr=139987856602880 file=ext/nginx/HelperAgent.cpp:921 time=2011-08-16 14:03:58.301 ]: Couldn't forward the HTTP response back to the HTTP client: It seems the user clicked on the 'Stop' button in his browser.
[ pid=11765 thr=139987891398400 file=ext/nginx/HelperAgent.cpp:921 time=2011-08-16 14:03:58.472 ]: Couldn't forward the HTTP response back to the HTTP client: It seems the user clicked on the 'Stop' button in his browser.
[ pid=11765 thr=139987890394880 file=ext/nginx/HelperAgent.cpp:921 time=2011-08-16 14:03:59.92 ]: Couldn't forward the HTTP response back to the HTTP client: It seems the user clicked on the 'Stop' button in his browser.
[ pid=11765 thr=139987857807104 file=ext/nginx/HelperAgent.cpp:921 time=2011-08-16 14:03:59.162 ]: Couldn't forward the HTTP response back to the HTTP client: It seems the user clicked on the 'Stop' button in his browser.
[ pid=11765 thr=139987890194176 file=ext/nginx/HelperAgent.cpp:921 time=2011-08-16 14:03:59.225 ]: Couldn't forward the HTTP response back to the HTTP client: It seems the user clicked on the 'Stop' button in his browser.
[ pid=11765 thr=139987855800064 file=ext/nginx/HelperAgent.cpp:921 time=2011-08-16 14:18:29.329 ]: Couldn't forward the HTTP response back to the HTTP client: It seems the user clicked on the 'Stop' button in his browser.
[ pid=11765 thr=139987858007808 file=ext/nginx/HelperAgent.cpp:921 time=2011-08-16 14:18:29.683 ]: Couldn't forward the HTTP response back to the HTTP client: It seems the user clicked on the 'Stop' button in his browser.
[ pid=11765 thr=139987891197696 file=ext/nginx/HelperAgent.cpp:921 time=2011-08-16 14:18:29.765 ]: Couldn't forward the HTTP response back to the HTTP client: It seems the user clicked on the 'Stop' button in his browser.
[ pid=11765 thr=139987890394880 file=ext/nginx/HelperAgent.cpp:921 time=2011-08-16 14:47:35.614 ]: Couldn't forward the HTTP response back to the HTTP client: It seems the user clicked on the 'Stop' button in his browser.
[ pid=17423 thr=139935207163648 file=ext/nginx/HelperAgent.cpp:921 time=2011-08-16 15:53:14.794 ]: Couldn't forward the HTTP response back to the HTTP client: It seems the user clicked on the 'Stop' button in his browser.
[ pid=17423 thr=139935207565056 file=ext/nginx/HelperAgent.cpp:921 time=2011-08-16 15:53:25.970 ]: Couldn't forward the HTTP response back to the HTTP client: It seems the user clicked on the 'Stop' button in his browser.
[ pid=17423 thr=139935174977280 file=ext/nginx/HelperAgent.cpp:921 time=2011-08-16 15:53:26.17 ]: Couldn't forward the HTTP response back to the HTTP client: It seems the user clicked on the 'Stop' button in his browser.
[ pid=17423 thr=139935174174464 file=ext/nginx/HelperAgent.cpp:921 time=2011-08-16 15:53:26.442 ]: Couldn't forward the HTTP response back to the HTTP client: It seems the user clicked on the 'Stop' button in his browser.
[ pid=17423 thr=139935173973760 file=ext/nginx/HelperAgent.cpp:921 time=2011-08-16 15:53:26.712 ]: Couldn't forward the HTTP response back to the HTTP client: It seems the user clicked on the 'Stop' button in his browser.
[ pid=17423 thr=139935173773056 file=ext/nginx/HelperAgent.cpp:921 time=2011-08-16 15:53:26.796 ]: Couldn't forward the HTTP response back to the HTTP client: It seems the user clicked on the 'Stop' button in his browser.
[ pid=17423 thr=139935172970240 file=ext/nginx/HelperAgent.cpp:921 time=2011-08-16 15:53:27.169 ]: Couldn't forward the HTTP response back to the HTTP client: It seems the user clicked on the 'Stop' button in his browser.
[ pid=17423 thr=139935173572352 file=ext/nginx/HelperAgent.cpp:921 time=2011-08-16 15:53:27.326 ]: Couldn't forward the HTTP response back to the HTTP client: It seems the user clicked on the 'Stop' button in his browser.
[ pid=17423 thr=139935173371648 file=ext/nginx/HelperAgent.cpp:921 time=2011-08-16 15:53:27.341 ]: Couldn't forward the HTTP response back to the HTTP client: It seems the user clicked on the 'Stop' button in his browser.
[ pid=17423 thr=139935173170944 file=ext/nginx/HelperAgent.cpp:921 time=2011-08-16 15:53:27.487 ]: Couldn't forward the HTTP response back to the HTTP client: It seems the user clicked on the 'Stop' button in his browser.
[ pid=17423 thr=139935172568832 file=ext/nginx/HelperAgent.cpp:921 time=2011-08-16 15:53:27.639 ]: Couldn't forward the HTTP response back to the HTTP client: It seems the user clicked on the 'Stop' button in his browser.
[ pid=17423 thr=139935172769536 file=ext/nginx/HelperAgent.cpp:921 time=2011-08-16 15:53:27.782 ]: Couldn't forward the HTTP response back to the HTTP client: It seems the user clicked on the 'Stop' button in his browser.
[ pid=17423 thr=139935207364352 file=ext/nginx/HelperAgent.cpp:921 time=2011-08-16 15:53:27.925 ]: Couldn't forward the HTTP response back to the HTTP client: It seems the user clicked on the 'Stop' button in his browser.
[ pid=17423 thr=139935173572352 file=ext/nginx/HelperAgent.cpp:921 time=2011-08-16 15:53:27.954 ]: Couldn't forward the HTTP response back to the HTTP client: It seems the user clicked on the 'Stop' button in his browser.
[ pid=17423 thr=139935206762240 file=ext/nginx/HelperAgent.cpp:921 time=2011-08-16 15:53:28.68 ]: Couldn't forward the HTTP response back to the HTTP client: It seems the user clicked on the 'Stop' button in his browser.
[ pid=17423 thr=139935175177984 file=ext/nginx/HelperAgent.cpp:921 time=2011-08-16 15:53:28.115 ]: Couldn't forward the HTTP response back to the HTTP client: It seems the user clicked on the 'Stop' button in his browser.
[ pid=17423 thr=139935172368128 file=ext/nginx/HelperAgent.cpp:921 time=2011-08-16 15:53:28.209 ]: Couldn't forward the HTTP response back to the HTTP client: It seems the user clicked on the 'Stop' button in his browser.
[ pid=17423 thr=139935174375168 file=ext/nginx/HelperAgent.cpp:921 time=2011-08-16 15:53:28.236 ]: Couldn't forward the HTTP response back to the HTTP client: It seems the user clicked on the 'Stop' button in his browser.
[ pid=17423 thr=139935174575872 file=ext/nginx/HelperAgent.cpp:921 time=2011-08-16 15:53:28.307 ]: Couldn't forward the HTTP response back to the HTTP client: It seems the user clicked on the 'Stop' button in his browser.
[ pid=17423 thr=139935206962944 file=ext/nginx/HelperAgent.cpp:921 time=2011-08-16 15:53:28.361 ]: Couldn't forward the HTTP response back to the HTTP client: It seems the user clicked on the 'Stop' button in his browser.
[ pid=17423 thr=139935206561536 file=ext/nginx/HelperAgent.cpp:921 time=2011-08-16 15:53:28.392 ]: Couldn't forward the HTTP response back to the HTTP client: It seems the user clicked on the 'Stop' button in his browser.
[ pid=17423 thr=139935173973760 file=ext/nginx/HelperAgent.cpp:921 time=2011-08-16 15:53:28.503 ]: Couldn't forward the HTTP response back to the HTTP client: It seems the user clicked on the 'Stop' button in his browser.
[ pid=17423 thr=139935173572352 file=ext/nginx/HelperAgent.cpp:921 time=2011-08-16 15:53:28.582 ]: Couldn't forward the HTTP response back to the HTTP client: It seems the user clicked on the 'Stop' button in his browser.
[ pid=17423 thr=139935173371648 file=ext/nginx/HelperAgent.cpp:921 time=2011-08-16 15:53:28.647 ]: Couldn't forward the HTTP response back to the HTTP client: It seems the user clicked on the 'Stop' button in his browser.
[ pid=17423 thr=139935175177984 file=ext/nginx/HelperAgent.cpp:921 time=2011-08-16 15:53:28.762 ]: Couldn't forward the HTTP response back to the HTTP client: It seems the user clicked on the 'Stop' button in his browser.
[ pid=17423 thr=139935172769536 file=ext/nginx/HelperAgent.cpp:921 time=2011-08-16 15:53:28.793 ]: Couldn't forward the HTTP response back to the HTTP client: It seems the user clicked on the 'Stop' button in his browser.
[ pid=17423 thr=139935207966464 file=ext/nginx/HelperAgent.cpp:921 time=2011-08-16 15:53:28.875 ]: Couldn't forward the HTTP response back to the HTTP client: It seems the user clicked on the 'Stop' button in his browser.
[ pid=17423 thr=139935174174464 file=ext/nginx/HelperAgent.cpp:921 time=2011-08-16 15:53:28.917 ]: Couldn't forward the HTTP response back to the HTTP client: It seems the user clicked on the 'Stop' button in his browser.
[ pid=17423 thr=139935172970240 file=ext/nginx/HelperAgent.cpp:921 time=2011-08-16 15:53:28.979 ]: Couldn't forward the HTTP response back to the HTTP client: It seems the user clicked on the 'Stop' button in his browser.
[ pid=17423 thr=139935208167168 file=ext/nginx/HelperAgent.cpp:921 time=2011-08-16 15:53:29.67 ]: Couldn't forward the HTTP response back to the HTTP client: It seems the user clicked on the 'Stop' button in his browser.
[ pid=17423 thr=139935172568832 file=ext/nginx/HelperAgent.cpp:921 time=2011-08-16 15:53:29.88 ]: Couldn't forward the HTTP response back to the HTTP client: It seems the user clicked on the 'Stop' button in his browser.
[ pid=17423 thr=139935207364352 file=ext/nginx/HelperAgent.cpp:921 time=2011-08-16 15:53:29.187 ]: Couldn't forward the HTTP response back to the HTTP client: It seems the user clicked on the 'Stop' button in his browser.
[ pid=17423 thr=139935207765760 file=ext/nginx/HelperAgent.cpp:921 time=2011-08-16 15:53:29.327 ]: Couldn't forward the HTTP response back to the HTTP client: It seems the user clicked on the 'Stop' button in his browser.
[ pid=17423 thr=139935206762240 file=ext/nginx/HelperAgent.cpp:921 time=2011-08-16 15:53:29.348 ]: Couldn't forward the HTTP response back to the HTTP client: It seems the user clicked on the 'Stop' button in his browser.
[ pid=17423 thr=139935174776576 file=ext/nginx/HelperAgent.cpp:921 time=2011-08-16 15:53:29.395 ]: Couldn't forward the HTTP response back to the HTTP client: It seems the user clicked on the 'Stop' button in his browser.
[ pid=17423 thr=139935207163648 file=ext/nginx/HelperAgent.cpp:921 time=2011-08-16 15:53:29.475 ]: Couldn't forward the HTTP response back to the HTTP client: It seems the user clicked on the 'Stop' button in his browser.
[ pid=17423 thr=139935207565056 file=ext/nginx/HelperAgent.cpp:921 time=2011-08-16 15:53:29.540 ]: Couldn't forward the HTTP response back to the HTTP client: It seems the user clicked on the 'Stop' button in his browser.
[ pid=17423 thr=139935174977280 file=ext/nginx/HelperAgent.cpp:921 time=2011-08-16 15:53:29.546 ]: Couldn't forward the HTTP response back to the HTTP client: It seems the user clicked on the 'Stop' button in his browser.
[ pid=17423 thr=139935173773056 file=ext/nginx/HelperAgent.cpp:921 time=2011-08-16 15:53:29.585 ]: Couldn't forward the HTTP response back to the HTTP client: It seems the user clicked on the 'Stop' button in his browser.
[ pid=17423 thr=139935173170944 file=ext/nginx/HelperAgent.cpp:921 time=2011-08-16 15:53:29.656 ]: Couldn't forward the HTTP response back to the HTTP client: It seems the user clicked on the 'Stop' button in his browser.
[ pid=17423 thr=139935173973760 file=ext/nginx/HelperAgent.cpp:921 time=2011-08-16 16:03:11.681 ]: Couldn't forward the HTTP response back to the HTTP client: It seems the user clicked on the 'Stop' button in his browser.
[ pid=17423 thr=139935206762240 file=ext/nginx/HelperAgent.cpp:921 time=2011-08-16 16:03:13.487 ]: Couldn't forward the HTTP response back to the HTTP client: It seems the user clicked on the 'Stop' button in his browser.
[ pid=17423 thr=139935207765760 file=ext/nginx/HelperAgent.cpp:921 time=2011-08-16 17:07:52.239 ]: Couldn't forward the HTTP response back to the HTTP client: It seems the user clicked on the 'Stop' button in his browser.
[ pid=17423 thr=139935175177984 file=ext/nginx/HelperAgent.cpp:921 time=2011-08-16 17:08:53.670 ]: Couldn't forward the HTTP response back to the HTTP client: It seems the user clicked on the 'Stop' button in his browser.
[ pid=17423 thr=139935208167168 file=ext/nginx/HelperAgent.cpp:921 time=2011-08-16 17:15:28.497 ]: Couldn't forward the HTTP response back to the HTTP client: It seems the user clicked on the 'Stop' button in his browser.
[ pid=17423 thr=139935172568832 file=ext/nginx/HelperAgent.cpp:921 time=2011-08-16 17:15:28.600 ]: Couldn't forward the HTTP response back to the HTTP client: It seems the user clicked on the 'Stop' button in his browser.
2011/08/16 17:42:10 [alert] 17459#0: unlink() "/home/ndubuis/Development/depot/tmp/pids/passenger.3000.pid" failed (2: No such file or directory)
[ pid=20405 thr=7426300 file=utils.rb:176 time=2011-08-16 17:42:10.325 ]: *** Exception SignalException in PhusionPassenger::Rack::ApplicationSpawner (SIGTERM) (process 20405, thread #<Thread:0x00000000e2a1f8>):
	from /home/ndubuis/.passenger/standalone/3.0.8-x86_64-ruby1.9.2-linux-gcc4.5.2-1002/support/lib/phusion_passenger/abstract_server.rb:343:in `select'
	from /home/ndubuis/.passenger/standalone/3.0.8-x86_64-ruby1.9.2-linux-gcc4.5.2-1002/support/lib/phusion_passenger/abstract_server.rb:343:in `server_main_loop'
	from /home/ndubuis/.passenger/standalone/3.0.8-x86_64-ruby1.9.2-linux-gcc4.5.2-1002/support/lib/phusion_passenger/abstract_server.rb:206:in `start_synchronously'
	from /home/ndubuis/.passenger/standalone/3.0.8-x86_64-ruby1.9.2-linux-gcc4.5.2-1002/support/lib/phusion_passenger/abstract_server.rb:180:in `start'
	from /home/ndubuis/.passenger/standalone/3.0.8-x86_64-ruby1.9.2-linux-gcc4.5.2-1002/support/lib/phusion_passenger/rack/application_spawner.rb:128:in `start'
	from /home/ndubuis/.passenger/standalone/3.0.8-x86_64-ruby1.9.2-linux-gcc4.5.2-1002/support/lib/phusion_passenger/spawn_manager.rb:253:in `block (2 levels) in spawn_rack_application'
	from /home/ndubuis/.passenger/standalone/3.0.8-x86_64-ruby1.9.2-linux-gcc4.5.2-1002/support/lib/phusion_passenger/abstract_server_collection.rb:132:in `lookup_or_add'
	from /home/ndubuis/.passenger/standalone/3.0.8-x86_64-ruby1.9.2-linux-gcc4.5.2-1002/support/lib/phusion_passenger/spawn_manager.rb:246:in `block in spawn_rack_application'
	from /home/ndubuis/.passenger/standalone/3.0.8-x86_64-ruby1.9.2-linux-gcc4.5.2-1002/support/lib/phusion_passenger/abstract_server_collection.rb:82:in `block in synchronize'
	from <internal:prelude>:10:in `synchronize'
	from /home/ndubuis/.passenger/standalone/3.0.8-x86_64-ruby1.9.2-linux-gcc4.5.2-1002/support/lib/phusion_passenger/abstract_server_collection.rb:79:in `synchronize'
	from /home/ndubuis/.passenger/standalone/3.0.8-x86_64-ruby1.9.2-linux-gcc4.5.2-1002/support/lib/phusion_passenger/spawn_manager.rb:244:in `spawn_rack_application'
	from /home/ndubuis/.passenger/standalone/3.0.8-x86_64-ruby1.9.2-linux-gcc4.5.2-1002/support/lib/phusion_passenger/spawn_manager.rb:137:in `spawn_application'
	from /home/ndubuis/.passenger/standalone/3.0.8-x86_64-ruby1.9.2-linux-gcc4.5.2-1002/support/lib/phusion_passenger/spawn_manager.rb:275:in `handle_spawn_application'
	from /home/ndubuis/.passenger/standalone/3.0.8-x86_64-ruby1.9.2-linux-gcc4.5.2-1002/support/lib/phusion_passenger/abstract_server.rb:357:in `server_main_loop'
	from /home/ndubuis/.passenger/standalone/3.0.8-x86_64-ruby1.9.2-linux-gcc4.5.2-1002/support/lib/phusion_passenger/abstract_server.rb:206:in `start_synchronously'
	from /home/ndubuis/.passenger/standalone/3.0.8-x86_64-ruby1.9.2-linux-gcc4.5.2-1002/support/helper-scripts/passenger-spawn-server:99:in `<main>'
[ pid=2210 thr=139781948970752 file=ext/nginx/HelperAgent.cpp:921 time=2011-08-17 09:10:33.981 ]: Couldn't forward the HTTP response back to the HTTP client: It seems the user clicked on the 'Stop' button in his browser.
[ pid=2210 thr=139781948368640 file=ext/nginx/HelperAgent.cpp:921 time=2011-08-17 09:10:57.940 ]: Couldn't forward the HTTP response back to the HTTP client: It seems the user clicked on the 'Stop' button in his browser.
[ pid=2210 thr=139781949372160 file=ext/nginx/HelperAgent.cpp:921 time=2011-08-17 09:22:36.932 ]: Couldn't forward the HTTP response back to the HTTP client: It seems the user clicked on the 'Stop' button in his browser.
[ pid=2210 thr=139781948970752 file=ext/nginx/HelperAgent.cpp:921 time=2011-08-17 10:17:59.721 ]: Couldn't forward the HTTP response back to the HTTP client: It seems the user clicked on the 'Stop' button in his browser.
[ pid=2210 thr=139781946963712 file=ext/nginx/HelperAgent.cpp:921 time=2011-08-17 10:18:48.504 ]: Couldn't forward the HTTP response back to the HTTP client: It seems the user clicked on the 'Stop' button in his browser.
[ pid=2210 thr=139781981959936 file=ext/nginx/HelperAgent.cpp:921 time=2011-08-17 10:19:25.516 ]: Couldn't forward the HTTP response back to the HTTP client: It seems the user clicked on the 'Stop' button in his browser.
[ pid=2210 thr=139781949171456 file=ext/nginx/HelperAgent.cpp:921 time=2011-08-17 11:34:28.404 ]: Couldn't forward the HTTP response back to the HTTP client: It seems the user clicked on the 'Stop' button in his browser.
[ pid=2210 thr=139781947365120 file=ext/nginx/HelperAgent.cpp:921 time=2011-08-17 11:35:09.120 ]: Couldn't forward the HTTP response back to the HTTP client: It seems the user clicked on the 'Stop' button in his browser.
[ pid=2210 thr=139781981357824 file=ext/nginx/HelperAgent.cpp:921 time=2011-08-17 11:36:04.876 ]: Couldn't forward the HTTP response back to the HTTP client: It seems the user clicked on the 'Stop' button in his browser.
[ pid=2210 thr=139781948770048 file=ext/nginx/HelperAgent.cpp:921 time=2011-08-17 11:37:57.947 ]: Couldn't forward the HTTP response back to the HTTP client: It seems the user clicked on the 'Stop' button in his browser.
[ pid=2210 thr=139781948770048 file=ext/nginx/HelperAgent.cpp:921 time=2011-08-17 11:45:48.264 ]: Couldn't forward the HTTP response back to the HTTP client: It seems the user clicked on the 'Stop' button in his browser.
[ pid=2210 thr=139781947766528 file=ext/nginx/HelperAgent.cpp:921 time=2011-08-17 11:48:21.526 ]: Couldn't forward the HTTP response back to the HTTP client: It seems the user clicked on the 'Stop' button in his browser.
[ pid=2210 thr=139781982160640 file=ext/nginx/HelperAgent.cpp:921 time=2011-08-17 11:49:28.721 ]: Couldn't forward the HTTP response back to the HTTP client: It seems the user clicked on the 'Stop' button in his browser.
[ pid=2210 thr=139781980956416 file=ext/nginx/HelperAgent.cpp:921 time=2011-08-17 11:55:45.386 ]: Couldn't forward the HTTP response back to the HTTP client: It seems the user clicked on the 'Stop' button in his browser.
[ pid=2210 thr=139781947565824 file=ext/nginx/HelperAgent.cpp:921 time=2011-08-17 12:07:04.995 ]: Couldn't forward the HTTP response back to the HTTP client: It seems the user clicked on the 'Stop' button in his browser.
[ pid=2210 thr=139781946763008 file=ext/nginx/HelperAgent.cpp:921 time=2011-08-17 12:07:53.168 ]: Couldn't forward the HTTP response back to the HTTP client: It seems the user clicked on the 'Stop' button in his browser.
[ pid=2210 thr=139781948167936 file=ext/nginx/HelperAgent.cpp:921 time=2011-08-17 12:12:53.368 ]: Couldn't forward the HTTP response back to the HTTP client: It seems the user clicked on the 'Stop' button in his browser.
[ pid=2210 thr=139781981157120 file=ext/nginx/HelperAgent.cpp:921 time=2011-08-17 12:16:31.19 ]: Couldn't forward the HTTP response back to the HTTP client: It seems the user clicked on the 'Stop' button in his browser.
[ pid=2210 thr=139781947967232 file=ext/nginx/HelperAgent.cpp:921 time=2011-08-17 12:19:10.911 ]: Couldn't forward the HTTP response back to the HTTP client: It seems the user clicked on the 'Stop' button in his browser.
[ pid=2210 thr=139781947565824 file=ext/nginx/HelperAgent.cpp:921 time=2011-08-17 12:52:25.393 ]: Couldn't forward the HTTP response back to the HTTP client: It seems the user clicked on the 'Stop' button in his browser.
[ pid=2210 thr=139781947365120 file=ext/nginx/HelperAgent.cpp:921 time=2011-08-17 13:16:48.683 ]: Couldn't forward the HTTP response back to the HTTP client: It seems the user clicked on the 'Stop' button in his browser.
[ pid=2210 thr=139781947164416 file=ext/nginx/HelperAgent.cpp:921 time=2011-08-17 13:16:48.809 ]: Couldn't forward the HTTP response back to the HTTP client: It seems the user clicked on the 'Stop' button in his browser.
[ pid=2210 thr=139781947565824 file=ext/nginx/HelperAgent.cpp:921 time=2011-08-17 13:16:49.59 ]: Couldn't forward the HTTP response back to the HTTP client: It seems the user clicked on the 'Stop' button in his browser.
[ pid=2210 thr=139781946963712 file=ext/nginx/HelperAgent.cpp:921 time=2011-08-17 13:16:49.217 ]: Couldn't forward the HTTP response back to the HTTP client: It seems the user clicked on the 'Stop' button in his browser.
[ pid=2210 thr=139781947967232 file=ext/nginx/HelperAgent.cpp:921 time=2011-08-17 13:42:43.639 ]: Couldn't forward the HTTP response back to the HTTP client: It seems the user clicked on the 'Stop' button in his browser.
[ pid=2210 thr=139781946763008 file=ext/nginx/HelperAgent.cpp:921 time=2011-08-17 14:29:12.471 ]: Couldn't forward the HTTP response back to the HTTP client: It seems the user clicked on the 'Stop' button in his browser.
[ pid=2210 thr=139781949171456 file=ext/nginx/HelperAgent.cpp:921 time=2011-08-17 14:53:24.92 ]: Couldn't forward the HTTP response back to the HTTP client: It seems the user clicked on the 'Stop' button in his browser.
[ pid=2210 thr=139781948569344 file=ext/nginx/HelperAgent.cpp:921 time=2011-08-17 14:56:57.610 ]: Couldn't forward the HTTP response back to the HTTP client: It seems the user clicked on the 'Stop' button in his browser.
[ pid=2210 thr=139781948167936 file=ext/nginx/HelperAgent.cpp:921 time=2011-08-17 14:56:57.2 ]: Couldn't forward the HTTP response back to the HTTP client: It seems the user clicked on the 'Stop' button in his browser.
[ pid=2210 thr=139781948970752 file=ext/nginx/HelperAgent.cpp:921 time=2011-08-17 14:56:58.355 ]: Couldn't forward the HTTP response back to the HTTP client: It seems the user clicked on the 'Stop' button in his browser.
[ pid=2210 thr=139781948368640 file=ext/nginx/HelperAgent.cpp:921 time=2011-08-17 15:03:18.377 ]: Couldn't forward the HTTP response back to the HTTP client: It seems the user clicked on the 'Stop' button in his browser.
[ pid=2210 thr=139781947365120 file=ext/nginx/HelperAgent.cpp:921 time=2011-08-17 15:03:18.767 ]: Couldn't forward the HTTP response back to the HTTP client: It seems the user clicked on the 'Stop' button in his browser.
[ pid=2210 thr=139781947766528 file=ext/nginx/HelperAgent.cpp:921 time=2011-08-17 15:21:09.813 ]: Couldn't forward the HTTP response back to the HTTP client: It seems the user clicked on the 'Stop' button in his browser.
[ pid=2210 thr=139781948368640 file=ext/nginx/HelperAgent.cpp:921 time=2011-08-17 15:21:10.573 ]: Couldn't forward the HTTP response back to the HTTP client: It seems the user clicked on the 'Stop' button in his browser.
[ pid=2210 thr=139781947164416 file=ext/nginx/HelperAgent.cpp:921 time=2011-08-17 15:21:11.81 ]: Couldn't forward the HTTP response back to the HTTP client: It seems the user clicked on the 'Stop' button in his browser.
[ pid=2210 thr=139781947565824 file=ext/nginx/HelperAgent.cpp:921 time=2011-08-17 15:21:11.511 ]: Couldn't forward the HTTP response back to the HTTP client: It seems the user clicked on the 'Stop' button in his browser.
[ pid=2210 thr=139781946963712 file=ext/nginx/HelperAgent.cpp:921 time=2011-08-17 15:21:29.210 ]: Couldn't forward the HTTP response back to the HTTP client: It seems the user clicked on the 'Stop' button in his browser.
[ pid=2210 thr=139781946763008 file=ext/nginx/HelperAgent.cpp:921 time=2011-08-17 15:21:29.815 ]: Couldn't forward the HTTP response back to the HTTP client: It seems the user clicked on the 'Stop' button in his browser.
[ pid=2210 thr=139781982361344 file=ext/nginx/HelperAgent.cpp:921 time=2011-08-17 15:21:29.924 ]: Couldn't forward the HTTP response back to the HTTP client: It seems the user clicked on the 'Stop' button in his browser.
[ pid=2210 thr=139781982562048 file=ext/nginx/HelperAgent.cpp:921 time=2011-08-17 15:21:30.707 ]: Couldn't forward the HTTP response back to the HTTP client: It seems the user clicked on the 'Stop' button in his browser.
[ pid=2210 thr=139781980956416 file=ext/nginx/HelperAgent.cpp:921 time=2011-08-17 15:21:51.679 ]: Couldn't forward the HTTP response back to the HTTP client: It seems the user clicked on the 'Stop' button in his browser.
[ pid=2210 thr=139781981157120 file=ext/nginx/HelperAgent.cpp:921 time=2011-08-17 15:21:51.978 ]: Couldn't forward the HTTP response back to the HTTP client: It seems the user clicked on the 'Stop' button in his browser.
[ pid=2210 thr=139781981959936 file=ext/nginx/HelperAgent.cpp:921 time=2011-08-17 15:21:52.2 ]: Couldn't forward the HTTP response back to the HTTP client: It seems the user clicked on the 'Stop' button in his browser.
[ pid=2210 thr=139781948770048 file=ext/nginx/HelperAgent.cpp:921 time=2011-08-17 15:21:53.266 ]: Couldn't forward the HTTP response back to the HTTP client: It seems the user clicked on the 'Stop' button in his browser.
[ pid=2210 thr=139781949372160 file=ext/nginx/HelperAgent.cpp:921 time=2011-08-17 15:22:55.566 ]: Couldn't forward the HTTP response back to the HTTP client: It seems the user clicked on the 'Stop' button in his browser.
[ pid=2210 thr=139781948970752 file=ext/nginx/HelperAgent.cpp:921 time=2011-08-17 15:22:56.210 ]: Couldn't forward the HTTP response back to the HTTP client: It seems the user clicked on the 'Stop' button in his browser.
[ pid=2210 thr=139781948569344 file=ext/nginx/HelperAgent.cpp:921 time=2011-08-17 15:22:56.231 ]: Couldn't forward the HTTP response back to the HTTP client: It seems the user clicked on the 'Stop' button in his browser.
[ pid=2210 thr=139781947967232 file=ext/nginx/HelperAgent.cpp:921 time=2011-08-17 15:22:56.472 ]: Couldn't forward the HTTP response back to the HTTP client: It seems the user clicked on the 'Stop' button in his browser.
[ pid=2210 thr=139781947565824 file=ext/nginx/HelperAgent.cpp:921 time=2011-08-17 15:23:59.799 ]: Couldn't forward the HTTP response back to the HTTP client: It seems the user clicked on the 'Stop' button in his browser.
[ pid=2210 thr=139781947365120 file=ext/nginx/HelperAgent.cpp:921 time=2011-08-17 15:24:00.63 ]: Couldn't forward the HTTP response back to the HTTP client: It seems the user clicked on the 'Stop' button in his browser.
[ pid=2210 thr=139781982160640 file=ext/nginx/HelperAgent.cpp:921 time=2011-08-17 15:24:00.458 ]: Couldn't forward the HTTP response back to the HTTP client: It seems the user clicked on the 'Stop' button in his browser.
[ pid=2210 thr=139781946963712 file=ext/nginx/HelperAgent.cpp:921 time=2011-08-17 15:24:00.540 ]: Couldn't forward the HTTP response back to the HTTP client: It seems the user clicked on the 'Stop' button in his browser.
[ pid=2210 thr=139781982361344 file=ext/nginx/HelperAgent.cpp:921 time=2011-08-17 15:24:01.203 ]: Couldn't forward the HTTP response back to the HTTP client: It seems the user clicked on the 'Stop' button in his browser.
[ pid=2210 thr=139781982562048 file=ext/nginx/HelperAgent.cpp:921 time=2011-08-17 15:24:01.613 ]: Couldn't forward the HTTP response back to the HTTP client: It seems the user clicked on the 'Stop' button in his browser.
[ pid=2210 thr=139781981759232 file=ext/nginx/HelperAgent.cpp:921 time=2011-08-17 15:24:01.743 ]: Couldn't forward the HTTP response back to the HTTP client: It seems the user clicked on the 'Stop' button in his browser.
[ pid=2210 thr=139781981558528 file=ext/nginx/HelperAgent.cpp:921 time=2011-08-17 15:24:44.209 ]: Couldn't forward the HTTP response back to the HTTP client: It seems the user clicked on the 'Stop' button in his browser.
[ pid=2210 thr=139781981959936 file=ext/nginx/HelperAgent.cpp:921 time=2011-08-17 15:24:44.529 ]: Couldn't forward the HTTP response back to the HTTP client: It seems the user clicked on the 'Stop' button in his browser.
[ pid=2210 thr=139781948770048 file=ext/nginx/HelperAgent.cpp:921 time=2011-08-17 15:24:44.904 ]: Couldn't forward the HTTP response back to the HTTP client: It seems the user clicked on the 'Stop' button in his browser.
[ pid=2210 thr=139781949572864 file=ext/nginx/HelperAgent.cpp:921 time=2011-08-17 15:24:45.34 ]: Couldn't forward the HTTP response back to the HTTP client: It seems the user clicked on the 'Stop' button in his browser.
[ pid=2210 thr=139781947967232 file=ext/nginx/HelperAgent.cpp:921 time=2011-08-17 15:38:25.65 ]: Couldn't forward the HTTP response back to the HTTP client: It seems the user clicked on the 'Stop' button in his browser.
[ pid=2210 thr=139781947766528 file=ext/nginx/HelperAgent.cpp:921 time=2011-08-17 15:38:25.430 ]: Couldn't forward the HTTP response back to the HTTP client: It seems the user clicked on the 'Stop' button in his browser.
[ pid=2210 thr=139781948368640 file=ext/nginx/HelperAgent.cpp:921 time=2011-08-17 15:44:24.247 ]: Couldn't forward the HTTP response back to the HTTP client: It seems the user clicked on the 'Stop' button in his browser.
[ pid=2210 thr=139781948368640 file=ext/nginx/HelperAgent.cpp:921 time=2011-08-17 15:51:45.795 ]: Couldn't forward the HTTP response back to the HTTP client: It seems the user clicked on the 'Stop' button in his browser.
[ pid=2210 thr=139781982562048 file=ext/nginx/HelperAgent.cpp:921 time=2011-08-17 16:20:04.148 ]: Couldn't forward the HTTP response back to the HTTP client: It seems the user clicked on the 'Stop' button in his browser.
[ pid=2210 thr=139781981357824 file=ext/nginx/HelperAgent.cpp:921 time=2011-08-17 16:20:05.484 ]: Couldn't forward the HTTP response back to the HTTP client: It seems the user clicked on the 'Stop' button in his browser.
[ pid=2210 thr=139781949372160 file=ext/nginx/HelperAgent.cpp:921 time=2011-08-17 16:23:17.329 ]: Couldn't forward the HTTP response back to the HTTP client: It seems the user clicked on the 'Stop' button in his browser.
[ pid=2210 thr=139781981357824 file=ext/nginx/HelperAgent.cpp:921 time=2011-08-17 16:23:56.806 ]: Couldn't forward the HTTP response back to the HTTP client: It seems the user clicked on the 'Stop' button in his browser.
[ pid=2210 thr=139781948770048 file=ext/nginx/HelperAgent.cpp:921 time=2011-08-17 16:28:06.734 ]: Couldn't forward the HTTP response back to the HTTP client: It seems the user clicked on the 'Stop' button in his browser.
[ pid=2210 thr=139781947565824 file=ext/nginx/HelperAgent.cpp:921 time=2011-08-17 16:30:45.364 ]: Couldn't forward the HTTP response back to the HTTP client: It seems the user clicked on the 'Stop' button in his browser.
[ pid=2210 thr=139781946763008 file=ext/nginx/HelperAgent.cpp:921 time=2011-08-17 16:30:45.577 ]: Couldn't forward the HTTP response back to the HTTP client: It seems the user clicked on the 'Stop' button in his browser.
[ pid=2210 thr=139781946963712 file=ext/nginx/HelperAgent.cpp:921 time=2011-08-17 16:30:45.777 ]: Couldn't forward the HTTP response back to the HTTP client: It seems the user clicked on the 'Stop' button in his browser.
[ pid=2210 thr=139781982562048 file=ext/nginx/HelperAgent.cpp:921 time=2011-08-17 16:30:46.40 ]: Couldn't forward the HTTP response back to the HTTP client: It seems the user clicked on the 'Stop' button in his browser.
[ pid=2210 thr=139781982361344 file=ext/nginx/HelperAgent.cpp:921 time=2011-08-17 16:30:46.287 ]: Couldn't forward the HTTP response back to the HTTP client: It seems the user clicked on the 'Stop' button in his browser.
[ pid=2210 thr=139781948770048 file=ext/nginx/HelperAgent.cpp:921 time=2011-08-17 16:31:17.278 ]: Couldn't forward the HTTP response back to the HTTP client: It seems the user clicked on the 'Stop' button in his browser.
[ pid=2210 thr=139781947967232 file=ext/nginx/HelperAgent.cpp:921 time=2011-08-17 16:40:24.28 ]: Couldn't forward the HTTP response back to the HTTP client: It seems the user clicked on the 'Stop' button in his browser.
[ pid=2210 thr=139781947365120 file=ext/nginx/HelperAgent.cpp:921 time=2011-08-17 16:40:24.309 ]: Couldn't forward the HTTP response back to the HTTP client: It seems the user clicked on the 'Stop' button in his browser.
[ pid=2210 thr=139781948368640 file=ext/nginx/HelperAgent.cpp:921 time=2011-08-17 16:40:24.607 ]: Couldn't forward the HTTP response back to the HTTP client: It seems the user clicked on the 'Stop' button in his browser.
[ pid=2210 thr=139781980956416 file=ext/nginx/HelperAgent.cpp:921 time=2011-08-17 16:41:49.544 ]: Couldn't forward the HTTP response back to the HTTP client: It seems the user clicked on the 'Stop' button in his browser.
2011/08/17 16:51:45 [alert] 2247#0: unlink() "/home/ndubuis/Development/depot/tmp/pids/passenger.3000.pid" failed (2: No such file or directory)
[ pid=2189 thr=140430984128256 file=ext/nginx/HelperAgent.cpp:921 time=2011-08-18 08:35:51.348 ]: Couldn't forward the HTTP response back to the HTTP client: It seems the user clicked on the 'Stop' button in his browser.
[ pid=2189 thr=140431019726592 file=ext/nginx/HelperAgent.cpp:921 time=2011-08-18 08:35:51.674 ]: Couldn't forward the HTTP response back to the HTTP client: It seems the user clicked on the 'Stop' button in his browser.
[ pid=2189 thr=140430984529664 file=ext/nginx/HelperAgent.cpp:921 time=2011-08-18 08:36:11.897 ]: Couldn't forward the HTTP response back to the HTTP client: It seems the user clicked on the 'Stop' button in his browser.
[ pid=2189 thr=140430984730368 file=ext/nginx/HelperAgent.cpp:921 time=2011-08-18 08:36:12.104 ]: Couldn't forward the HTTP response back to the HTTP client: It seems the user clicked on the 'Stop' button in his browser.
[ pid=2189 thr=140430985733888 file=ext/nginx/HelperAgent.cpp:921 time=2011-08-18 08:36:12.261 ]: Couldn't forward the HTTP response back to the HTTP client: It seems the user clicked on the 'Stop' button in his browser.
[ pid=2189 thr=140431018723072 file=ext/nginx/HelperAgent.cpp:921 time=2011-08-18 08:36:53.465 ]: Couldn't forward the HTTP response back to the HTTP client: It seems the user clicked on the 'Stop' button in his browser.
[ pid=2189 thr=140431019325184 file=ext/nginx/HelperAgent.cpp:921 time=2011-08-18 08:36:53.721 ]: Couldn't forward the HTTP response back to the HTTP client: It seems the user clicked on the 'Stop' button in his browser.
[ pid=2189 thr=140430984328960 file=ext/nginx/HelperAgent.cpp:921 time=2011-08-18 08:41:17.888 ]: Couldn't forward the HTTP response back to the HTTP client: It seems the user clicked on the 'Stop' button in his browser.
[ pid=2189 thr=140430984128256 file=ext/nginx/HelperAgent.cpp:921 time=2011-08-18 08:41:18.150 ]: Couldn't forward the HTTP response back to the HTTP client: It seems the user clicked on the 'Stop' button in his browser.
[ pid=2189 thr=140431019726592 file=ext/nginx/HelperAgent.cpp:921 time=2011-08-18 08:41:18.373 ]: Couldn't forward the HTTP response back to the HTTP client: It seems the user clicked on the 'Stop' button in his browser.
[ pid=2189 thr=140431018321664 file=ext/nginx/HelperAgent.cpp:921 time=2011-08-18 08:41:20.83 ]: Couldn't forward the HTTP response back to the HTTP client: It seems the user clicked on the 'Stop' button in his browser.
[ pid=2189 thr=140431018522368 file=ext/nginx/HelperAgent.cpp:921 time=2011-08-18 08:41:20.293 ]: Couldn't forward the HTTP response back to the HTTP client: It seems the user clicked on the 'Stop' button in his browser.
[ pid=2189 thr=140430985733888 file=ext/nginx/HelperAgent.cpp:921 time=2011-08-18 08:42:55.597 ]: Couldn't forward the HTTP response back to the HTTP client: It seems the user clicked on the 'Stop' button in his browser.
[ pid=2189 thr=140430984128256 file=ext/nginx/HelperAgent.cpp:921 time=2011-08-18 08:42:55.861 ]: Couldn't forward the HTTP response back to the HTTP client: It seems the user clicked on the 'Stop' button in his browser.
[ pid=2189 thr=140430984328960 file=ext/nginx/HelperAgent.cpp:921 time=2011-08-18 08:42:56.73 ]: Couldn't forward the HTTP response back to the HTTP client: It seems the user clicked on the 'Stop' button in his browser.
[ pid=2189 thr=140431018923776 file=ext/nginx/HelperAgent.cpp:921 time=2011-08-18 08:42:57.996 ]: Couldn't forward the HTTP response back to the HTTP client: It seems the user clicked on the 'Stop' button in his browser.
[ pid=2189 thr=140430985934592 file=ext/nginx/HelperAgent.cpp:921 time=2011-08-18 08:42:58.176 ]: Couldn't forward the HTTP response back to the HTTP client: It seems the user clicked on the 'Stop' button in his browser.
[ pid=2189 thr=140431019325184 file=ext/nginx/HelperAgent.cpp:921 time=2011-08-18 09:04:34.824 ]: Couldn't forward the HTTP response back to the HTTP client: It seems the user clicked on the 'Stop' button in his browser.
[ pid=2189 thr=140430985934592 file=ext/nginx/HelperAgent.cpp:921 time=2011-08-18 09:04:35.109 ]: Couldn't forward the HTTP response back to the HTTP client: It seems the user clicked on the 'Stop' button in his browser.
[ pid=2189 thr=140431018923776 file=ext/nginx/HelperAgent.cpp:921 time=2011-08-18 09:04:35.207 ]: Couldn't forward the HTTP response back to the HTTP client: It seems the user clicked on the 'Stop' button in his browser.
[ pid=2189 thr=140430985533184 file=ext/nginx/HelperAgent.cpp:921 time=2011-08-18 09:04:35.540 ]: Couldn't forward the HTTP response back to the HTTP client: It seems the user clicked on the 'Stop' button in his browser.
[ pid=2189 thr=140430985934592 file=ext/nginx/HelperAgent.cpp:921 time=2011-08-18 09:07:32.332 ]: Couldn't forward the HTTP response back to the HTTP client: It seems the user clicked on the 'Stop' button in his browser.
[ pid=2189 thr=140430983927552 file=ext/nginx/HelperAgent.cpp:921 time=2011-08-18 10:04:35.592 ]: Couldn't forward the HTTP response back to the HTTP client: It seems the user clicked on the 'Stop' button in his browser.
[ pid=2189 thr=140430984730368 file=ext/nginx/HelperAgent.cpp:921 time=2011-08-18 15:34:33.934 ]: Couldn't forward the HTTP response back to the HTTP client: It seems the user clicked on the 'Stop' button in his browser.
